Log file open, 07/19/20 21:34:47
LogInit: Display: Running engine for game: TheUnknown
LogPlatformFile: Not using cached read wrapper
LogTaskGraph: Started task graph with 5 named threads and 35 total threads with 3 sets of task threads.
LogStats: Stats thread started at 11.516554
LogD3D11RHI: Loaded GFSDK_Aftermath_Lib.x64.dll
LogICUInternationalization: ICU TimeZone Detection - Raw Offset: +1:00, Platform Override: ''
LogPluginManager: Mounting plugin Paper2D
LogPluginManager: Mounting plugin AISupport
LogPluginManager: Mounting plugin LightPropagationVolume
LogPluginManager: Mounting plugin CameraShakePreviewer
LogPluginManager: Mounting plugin ActorLayerUtilities
LogPluginManager: Mounting plugin AnimationSharing
LogPluginManager: Mounting plugin CLionSourceCodeAccess
LogPluginManager: Mounting plugin CodeLiteSourceCodeAccess
LogPluginManager: Mounting plugin GitSourceControl
LogPluginManager: Mounting plugin KDevelopSourceCodeAccess
LogPluginManager: Mounting plugin NullSourceCodeAccess
LogPluginManager: Mounting plugin PerforceSourceControl
LogPluginManager: Mounting plugin PlasticSourceControl
LogPluginManager: Mounting plugin RiderSourceCodeAccess
LogPluginManager: Mounting plugin SubversionSourceControl
LogPluginManager: Mounting plugin UObjectPlugin
LogPluginManager: Mounting plugin VisualStudioCodeSourceCodeAccess
LogPluginManager: Mounting plugin VisualStudioSourceCodeAccess
LogPluginManager: Mounting plugin XCodeSourceCodeAccess
LogPluginManager: Mounting plugin AssetManagerEditor
LogPluginManager: Mounting plugin CryptoKeys
LogPluginManager: Mounting plugin CurveEditorTools
LogPluginManager: Mounting plugin DataValidation
LogPluginManager: Mounting plugin EditorScriptingUtilities
LogPluginManager: Mounting plugin FacialAnimation
LogPluginManager: Mounting plugin GameplayTagsEditor
LogPluginManager: Mounting plugin GeometryMode
LogPluginManager: Mounting plugin MacGraphicsSwitching
LogPluginManager: Mounting plugin MaterialAnalyzer
LogPluginManager: Mounting plugin MobileLauncherProfileWizard
LogPluginManager: Mounting plugin PluginBrowser
LogPluginManager: Mounting plugin SpeedTreeImporter
LogPluginManager: Mounting plugin DatasmithContent
LogPluginManager: Mounting plugin VariantManagerContent
LogPluginManager: Mounting plugin AlembicImporter
LogPluginManager: Mounting plugin AutomationUtils
LogPluginManager: Mounting plugin BackChannel
LogPluginManager: Mounting plugin ChaosCloth
LogPluginManager: Mounting plugin ChaosClothEditor
LogPluginManager: Mounting plugin ChaosEditor
LogPluginManager: Mounting plugin ChaosNiagara
LogPluginManager: Mounting plugin ChaosSolverPlugin
LogPluginManager: Mounting plugin CharacterAI
LogPluginManager: Mounting plugin GeometryCache
LogPluginManager: Mounting plugin GeometryCollectionPlugin
LogPluginManager: Mounting plugin GeometryProcessing
LogPluginManager: Mounting plugin PlanarCut
LogPluginManager: Mounting plugin PlatformCrypto
LogPluginManager: Mounting plugin ProxyLODPlugin
LogPluginManager: Mounting plugin SkeletalReduction
LogPluginManager: Mounting plugin Niagara
LogPluginManager: Mounting plugin MagicLeap
LogPluginManager: Mounting plugin MagicLeapLightEstimation
LogPluginManager: Mounting plugin MagicLeapMedia
LogPluginManager: Mounting plugin MagicLeapPassableWorld
LogPluginManager: Mounting plugin MLSDK
LogPluginManager: Mounting plugin AndroidMedia
LogPluginManager: Mounting plugin AvfMedia
LogPluginManager: Mounting plugin ImgMedia
LogPluginManager: Mounting plugin MediaCompositing
LogPluginManager: Mounting plugin MediaPlayerEditor
LogPluginManager: Mounting plugin WebMMedia
LogPluginManager: Mounting plugin WmfMedia
LogPluginManager: Mounting plugin MeshPainting
LogPluginManager: Mounting plugin TcpMessaging
LogPluginManager: Mounting plugin UdpMessaging
LogPluginManager: Mounting plugin ActorSequence
LogPluginManager: Mounting plugin LevelSequenceEditor
LogPluginManager: Mounting plugin MatineeToLevelSequence
LogPluginManager: Mounting plugin MovieRenderPipeline
LogPluginManager: Mounting plugin TemplateSequence
LogPluginManager: Mounting plugin NetcodeUnitTest
LogPluginManager: Mounting plugin NUTUnrealEngine4
LogPluginManager: Mounting plugin OnlineSubsystemGooglePlay
LogPluginManager: Mounting plugin OnlineSubsystemIOS
LogPluginManager: Mounting plugin OnlineSubsystem
LogPluginManager: Mounting plugin OnlineSubsystemNull
LogPluginManager: Mounting plugin OnlineSubsystemUtils
LogPluginManager: Mounting plugin LauncherChunkInstaller
LogPluginManager: Mounting plugin AndroidDeviceProfileSelector
LogPluginManager: Mounting plugin AndroidMoviePlayer
LogPluginManager: Mounting plugin AndroidPermission
LogPluginManager: Mounting plugin AppleImageUtils
LogPluginManager: Mounting plugin AppleMoviePlayer
LogPluginManager: Mounting plugin ArchVisCharacter
LogPluginManager: Mounting plugin AssetTags
LogPluginManager: Mounting plugin AudioCapture
LogPluginManager: Mounting plugin CableComponent
LogPluginManager: Mounting plugin CustomMeshComponent
LogPluginManager: Mounting plugin EditableMesh
LogPluginManager: Mounting plugin ExampleDeviceProfileSelector
LogPluginManager: Mounting plugin GoogleCloudMessaging
LogPluginManager: Mounting plugin GooglePAD
LogPluginManager: Mounting plugin IOSDeviceProfileSelector
LogPluginManager: Mounting plugin LinuxDeviceProfileSelector
LogPluginManager: Mounting plugin LocationServicesBPLibrary
LogPluginManager: Mounting plugin MobilePatchingUtils
LogPluginManager: Mounting plugin OculusVR
LogPluginManager: Mounting plugin PhysXVehicles
LogPluginManager: Mounting plugin PostSplashScreen
LogPluginManager: Mounting plugin ProceduralMeshComponent
LogPluginManager: Mounting plugin RuntimePhysXCooking
LogPluginManager: Mounting plugin SignificanceManager
LogPluginManager: Mounting plugin SoundFields
LogPluginManager: Mounting plugin SteamVR
LogPluginManager: Mounting plugin Synthesis
LogPluginManager: Mounting plugin WebMMoviePlayer
LogPluginManager: Mounting plugin WindowsMoviePlayer
LogPluginManager: Mounting plugin ScreenshotTools
LogInit: Using libcurl 7.55.1-DEV
LogInit:  - built for x86_64-pc-win32
LogInit:  - supports SSL with OpenSSL/1.1.1
LogInit:  - supports HTTP deflate (compression) using libz 1.2.8
LogInit:  - other features:
LogInit:      CURL_VERSION_SSL
LogInit:      CURL_VERSION_LIBZ
LogInit:      CURL_VERSION_IPV6
LogInit:      CURL_VERSION_ASYNCHDNS
LogInit:      CURL_VERSION_LARGEFILE
LogInit:      CURL_VERSION_IDN
LogInit:  CurlRequestOptions (configurable via config and command line):
LogInit:  - bVerifyPeer = true  - Libcurl will verify peer certificate
LogInit:  - bUseHttpProxy = false  - Libcurl will NOT use HTTP proxy
LogInit:  - bDontReuseConnections = false  - Libcurl will reuse connections
LogInit:  - MaxHostConnections = 16  - Libcurl will limit the number of connections to a host
LogInit:  - LocalHostAddr = Default
LogInit:  - BufferSize = 65536
LogOnline: OSS: Creating online subsystem instance for: NULL
LogInit: WinSock: version 1.1 (2.2), MaxSocks=32767, MaxUdp=65467
LogOnline: OSS: TryLoadSubsystemAndSetDefault: Loaded subsystem for module [NULL]
LogInit: Build: ++UE4+Release-4.25-CL-13594126
LogInit: Engine Version: 4.25.1-13594126+++UE4+Release-4.25
LogInit: Compatible Engine Version: 4.25.0-13144385+++UE4+Release-4.25
LogInit: Net CL: 13144385
LogInit: OS: Windows 10 (Release 1909) (), CPU: Intel(R) Core(TM) i7-5820K CPU @ 3.30GHz, GPU: NVIDIA GeForce GTX 980
LogInit: Compiled (64-bit): Jun  2 2020 02:10:36
LogInit: Compiled with Visual C++: 19.24.28315.00
LogInit: Build Configuration: Development
LogInit: Branch Name: ++UE4+Release-4.25
LogInit: Command Line: 
LogInit: Base Directory: D:/UE_4.25/Engine/Binaries/Win64/
LogInit: Allocator: TBB
LogInit: Installed Engine Build: 1
LogDevObjectVersion: Number of dev versions registered: 26
LogDevObjectVersion:   Dev-Blueprints (B0D832E4-1F89-4F0D-ACCF-7EB736FD4AA2): 10
LogDevObjectVersion:   Dev-Build (E1C64328-A22C-4D53-A36C-8E866417BD8C): 0
LogDevObjectVersion:   Dev-Core (375EC13C-06E4-48FB-B500-84F0262A717E): 4
LogDevObjectVersion:   Dev-Editor (E4B068ED-F494-42E9-A231-DA0B2E46BB41): 38
LogDevObjectVersion:   Dev-Framework (CFFC743F-43B0-4480-9391-14DF171D2073): 37
LogDevObjectVersion:   Dev-Mobile (B02B49B5-BB20-44E9-A304-32B752E40360): 2
LogDevObjectVersion:   Dev-Networking (A4E4105C-59A1-49B5-A7C5-40C4547EDFEE): 0
LogDevObjectVersion:   Dev-Online (39C831C9-5AE6-47DC-9A44-9C173E1C8E7C): 0
LogDevObjectVersion:   Dev-Physics (78F01B33-EBEA-4F98-B9B4-84EACCB95AA2): 4
LogDevObjectVersion:   Dev-Platform (6631380F-2D4D-43E0-8009-CF276956A95A): 0
LogDevObjectVersion:   Dev-Rendering (12F88B9F-8875-4AFC-A67C-D90C383ABD29): 43
LogDevObjectVersion:   Dev-Sequencer (7B5AE74C-D270-4C10-A958-57980B212A5A): 12
LogDevObjectVersion:   Dev-VR (D7296918-1DD6-4BDD-9DE2-64A83CC13884): 3
LogDevObjectVersion:   Dev-LoadTimes (C2A15278-BFE7-4AFE-6C17-90FF531DF755): 1
LogDevObjectVersion:   Private-Geometry (6EACA3D4-40EC-4CC1-B786-8BED09428FC5): 3
LogDevObjectVersion:   Dev-AnimPhys (29E575DD-E0A3-4627-9D10-D276232CDCEA): 17
LogDevObjectVersion:   Dev-Anim (AF43A65D-7FD3-4947-9873-3E8ED9C1BB05): 7
LogDevObjectVersion:   Dev-ReflectionCapture (6B266CEC-1EC7-4B8F-A30B-E4D90942FC07): 1
LogDevObjectVersion:   Dev-Automation (0DF73D61-A23F-47EA-B727-89E90C41499A): 1
LogDevObjectVersion:   FortniteMain (601D1886-AC64-4F84-AA16-D3DE0DEAC7D6): 31
LogDevObjectVersion:   Dev-Enterprise (9DFFBCD6-494F-0158-E221-12823C92A888): 10
LogDevObjectVersion:   Dev-Niagara (F2AED0AC-9AFE-416F-8664-AA7FFA26D6FC): 1
LogDevObjectVersion:   Dev-Destruction (174F1F0B-B4C6-45A5-B13F-2EE8D0FB917D): 10
LogDevObjectVersion:   Dev-Physics-Ext (35F94A83-E258-406C-A318-09F59610247C): 37
LogDevObjectVersion:   Dev-PhysicsMaterial-Chaos (B68FC16E-8B1B-42E2-B453-215C058844FE): 1
LogDevObjectVersion:   Dev-CineCamera (B2E18506-4273-CFC2-A54E-F4BB758BBA07): 1
LogInit: Presizing for max 25165824 objects, including 0 objects not considered by GC, pre-allocating 0 bytes for permanent pool.
LogConfig: Applying CVar settings from Section [/Script/Engine.StreamingSettings] File [C:/Users/ninte/OneDrive/Desktop/The_Unknown_/TheUnknown/Saved/Config/Windows/Engine.ini]
LogConfig: Setting CVar [[s.MinBulkDataSizeForAsyncLoading:131072]]
LogConfig: Setting CVar [[s.AsyncLoadingThreadEnabled:0]]
LogConfig: Setting CVar [[s.EventDrivenLoaderEnabled:0]]
LogConfig: Setting CVar [[s.WarnIfTimeLimitExceeded:0]]
LogConfig: Setting CVar [[s.TimeLimitExceededMultiplier:1.5]]
LogConfig: Setting CVar [[s.TimeLimitExceededMinTime:0.005]]
LogConfig: Setting CVar [[s.UseBackgroundLevelStreaming:1]]
LogConfig: Setting CVar [[s.PriorityAsyncLoadingExtraTime:15.0]]
LogConfig: Setting CVar [[s.LevelStreamingActorsUpdateTimeLimit:5.0]]
LogConfig: Setting CVar [[s.PriorityLevelStreamingActorsUpdateExtraTime:5.0]]
LogConfig: Setting CVar [[s.LevelStreamingComponentsRegistrationGranularity:10]]
LogConfig: Setting CVar [[s.UnregisterComponentsTimeLimit:1.0]]
LogConfig: Setting CVar [[s.LevelStreamingComponentsUnregistrationGranularity:5]]
LogConfig: Setting CVar [[s.FlushStreamingOnExit:1]]
LogInit: Object subsystem initialized
LogConfig: Setting CVar [[con.DebugEarlyDefault:1]]
LogConfig: Setting CVar [[r.setres:1280x720]]
[2020.07.19-19.34.50:984][  0]LogConfig: Setting CVar [[r.VSync:0]]
[2020.07.19-19.34.50:984][  0]LogConfig: Setting CVar [[r.RHICmdBypass:0]]
[2020.07.19-19.34.50:984][  0]LogConfig: Applying CVar settings from Section [/Script/Engine.RendererSettings] File [C:/Users/ninte/OneDrive/Desktop/The_Unknown_/TheUnknown/Saved/Config/Windows/Engine.ini]
[2020.07.19-19.34.50:984][  0]LogConfig: Setting CVar [[r.GPUCrashDebugging:0]]
[2020.07.19-19.34.50:984][  0]LogConfig: Applying CVar settings from Section [/Script/Engine.RendererOverrideSettings] File [C:/Users/ninte/OneDrive/Desktop/The_Unknown_/TheUnknown/Saved/Config/Windows/Engine.ini]
[2020.07.19-19.34.50:984][  0]LogConfig: Applying CVar settings from Section [/Script/Engine.StreamingSettings] File [C:/Users/ninte/OneDrive/Desktop/The_Unknown_/TheUnknown/Saved/Config/Windows/Engine.ini]
[2020.07.19-19.34.50:984][  0]LogConfig: Setting CVar [[s.MinBulkDataSizeForAsyncLoading:131072]]
[2020.07.19-19.34.50:984][  0]LogConfig: Setting CVar [[s.AsyncLoadingThreadEnabled:0]]
[2020.07.19-19.34.50:984][  0]LogConfig: Setting CVar [[s.EventDrivenLoaderEnabled:0]]
[2020.07.19-19.34.50:984][  0]LogConfig: Setting CVar [[s.WarnIfTimeLimitExceeded:0]]
[2020.07.19-19.34.50:984][  0]LogConfig: Setting CVar [[s.TimeLimitExceededMultiplier:1.5]]
[2020.07.19-19.34.50:984][  0]LogConfig: Setting CVar [[s.TimeLimitExceededMinTime:0.005]]
[2020.07.19-19.34.50:984][  0]LogConfig: Setting CVar [[s.UseBackgroundLevelStreaming:1]]
[2020.07.19-19.34.50:984][  0]LogConfig: Setting CVar [[s.PriorityAsyncLoadingExtraTime:15.0]]
[2020.07.19-19.34.50:984][  0]LogConfig: Setting CVar [[s.LevelStreamingActorsUpdateTimeLimit:5.0]]
[2020.07.19-19.34.50:984][  0]LogConfig: Setting CVar [[s.PriorityLevelStreamingActorsUpdateExtraTime:5.0]]
[2020.07.19-19.34.50:984][  0]LogConfig: Setting CVar [[s.LevelStreamingComponentsRegistrationGranularity:10]]
[2020.07.19-19.34.50:984][  0]LogConfig: Setting CVar [[s.UnregisterComponentsTimeLimit:1.0]]
[2020.07.19-19.34.50:984][  0]LogConfig: Setting CVar [[s.LevelStreamingComponentsUnregistrationGranularity:5]]
[2020.07.19-19.34.50:984][  0]LogConfig: Setting CVar [[s.FlushStreamingOnExit:1]]
[2020.07.19-19.34.50:984][  0]LogConfig: Applying CVar settings from Section [/Script/Engine.GarbageCollectionSettings] File [C:/Users/ninte/OneDrive/Desktop/The_Unknown_/TheUnknown/Saved/Config/Windows/Engine.ini]
[2020.07.19-19.34.50:984][  0]LogConfig: Setting CVar [[gc.MaxObjectsNotConsideredByGC:1]]
[2020.07.19-19.34.50:984][  0]LogConfig: Setting CVar [[gc.SizeOfPermanentObjectPool:0]]
[2020.07.19-19.34.50:984][  0]LogConfig: Setting CVar [[gc.FlushStreamingOnGC:0]]
[2020.07.19-19.34.50:984][  0]LogConfig: Setting CVar [[gc.NumRetriesBeforeForcingGC:10]]
[2020.07.19-19.34.50:984][  0]LogConfig: Setting CVar [[gc.AllowParallelGC:1]]
[2020.07.19-19.34.50:984][  0]LogConfig: Setting CVar [[gc.TimeBetweenPurgingPendingKillObjects:61.1]]
[2020.07.19-19.34.50:984][  0]LogConfig: Setting CVar [[gc.MaxObjectsInEditor:25165824]]
[2020.07.19-19.34.50:984][  0]LogConfig: Setting CVar [[gc.IncrementalBeginDestroyEnabled:1]]
[2020.07.19-19.34.50:984][  0]LogConfig: Setting CVar [[gc.CreateGCClusters:1]]
[2020.07.19-19.34.50:984][  0]LogConfig: Setting CVar [[gc.MinGCClusterSize:5]]
[2020.07.19-19.34.50:984][  0]LogConfig: Setting CVar [[gc.ActorClusteringEnabled:0]]
[2020.07.19-19.34.50:984][  0]LogConfig: Setting CVar [[gc.BlueprintClusteringEnabled:0]]
[2020.07.19-19.34.50:984][  0]LogConfig: Setting CVar [[gc.UseDisregardForGCOnDedicatedServers:0]]
[2020.07.19-19.34.50:984][  0]LogConfig: Applying CVar settings from Section [/Script/Engine.NetworkSettings] File [C:/Users/ninte/OneDrive/Desktop/The_Unknown_/TheUnknown/Saved/Config/Windows/Engine.ini]
[2020.07.19-19.34.50:984][  0]LogConfig: Applying CVar settings from Section [/Script/UnrealEd.CookerSettings] File [C:/Users/ninte/OneDrive/Desktop/The_Unknown_/TheUnknown/Saved/Config/Windows/Engine.ini]
[2020.07.19-19.34.51:066][  0]LogConfig: Applying CVar settings from Section [ViewDistanceQuality@3] File [C:/Users/ninte/OneDrive/Desktop/The_Unknown_/TheUnknown/Saved/Config/Windows/Scalability.ini]
[2020.07.19-19.34.51:066][  0]LogConfig: Setting CVar [[r.SkeletalMeshLODBias:0]]
[2020.07.19-19.34.51:066][  0]LogConfig: Setting CVar [[r.ViewDistanceScale:1.0]]
[2020.07.19-19.34.51:066][  0]LogConfig: Applying CVar settings from Section [AntiAliasingQuality@3] File [C:/Users/ninte/OneDrive/Desktop/The_Unknown_/TheUnknown/Saved/Config/Windows/Scalability.ini]
[2020.07.19-19.34.51:066][  0]LogConfig: Setting CVar [[r.PostProcessAAQuality:4]]
[2020.07.19-19.34.51:066][  0]LogConfig: Applying CVar settings from Section [ShadowQuality@3] File [C:/Users/ninte/OneDrive/Desktop/The_Unknown_/TheUnknown/Saved/Config/Windows/Scalability.ini]
[2020.07.19-19.34.51:066][  0]LogConfig: Setting CVar [[r.LightFunctionQuality:1]]
[2020.07.19-19.34.51:066][  0]LogConfig: Setting CVar [[r.ShadowQuality:5]]
[2020.07.19-19.34.51:066][  0]LogConfig: Setting CVar [[r.Shadow.CSM.MaxCascades:10]]
[2020.07.19-19.34.51:066][  0]LogConfig: Setting CVar [[r.Shadow.MaxResolution:2048]]
[2020.07.19-19.34.51:066][  0]LogConfig: Setting CVar [[r.Shadow.MaxCSMResolution:2048]]
[2020.07.19-19.34.51:066][  0]LogConfig: Setting CVar [[r.Shadow.RadiusThreshold:0.01]]
[2020.07.19-19.34.51:066][  0]LogConfig: Setting CVar [[r.Shadow.DistanceScale:1.0]]
[2020.07.19-19.34.51:066][  0]LogConfig: Setting CVar [[r.Shadow.CSM.TransitionScale:1.0]]
[2020.07.19-19.34.51:066][  0]LogConfig: Setting CVar [[r.Shadow.PreShadowResolutionFactor:1.0]]
[2020.07.19-19.34.51:066][  0]LogConfig: Setting CVar [[r.DistanceFieldShadowing:1]]
[2020.07.19-19.34.51:066][  0]LogConfig: Setting CVar [[r.DistanceFieldAO:1]]
[2020.07.19-19.34.51:066][  0]LogConfig: Setting CVar [[r.AOQuality:2]]
[2020.07.19-19.34.51:066][  0]LogConfig: Setting CVar [[r.VolumetricFog:1]]
[2020.07.19-19.34.51:066][  0]LogConfig: Setting CVar [[r.VolumetricFog.GridPixelSize:8]]
[2020.07.19-19.34.51:066][  0]LogConfig: Setting CVar [[r.VolumetricFog.GridSizeZ:128]]
[2020.07.19-19.34.51:066][  0]LogConfig: Setting CVar [[r.VolumetricFog.HistoryMissSupersampleCount:4]]
[2020.07.19-19.34.51:066][  0]LogConfig: Setting CVar [[r.LightMaxDrawDistanceScale:1]]
[2020.07.19-19.34.51:066][  0]LogConfig: Setting CVar [[r.CapsuleShadows:1]]
[2020.07.19-19.34.51:066][  0]LogConfig: Applying CVar settings from Section [PostProcessQuality@3] File [C:/Users/ninte/OneDrive/Desktop/The_Unknown_/TheUnknown/Saved/Config/Windows/Scalability.ini]
[2020.07.19-19.34.51:066][  0]LogConfig: Setting CVar [[r.MotionBlurQuality:4]]
[2020.07.19-19.34.51:066][  0]LogConfig: Setting CVar [[r.AmbientOcclusionMipLevelFactor:0.4]]
[2020.07.19-19.34.51:066][  0]LogConfig: Setting CVar [[r.AmbientOcclusionMaxQuality:100]]
[2020.07.19-19.34.51:066][  0]LogConfig: Setting CVar [[r.AmbientOcclusionLevels:-1]]
[2020.07.19-19.34.51:066][  0]LogConfig: Setting CVar [[r.AmbientOcclusionRadiusScale:1.0]]
[2020.07.19-19.34.51:066][  0]LogConfig: Setting CVar [[r.DepthOfFieldQuality:2]]
[2020.07.19-19.34.51:066][  0]LogConfig: Setting CVar [[r.RenderTargetPoolMin:400]]
[2020.07.19-19.34.51:066][  0]LogConfig: Setting CVar [[r.LensFlareQuality:2]]
[2020.07.19-19.34.51:066][  0]LogConfig: Setting CVar [[r.SceneColorFringeQuality:1]]
[2020.07.19-19.34.51:066][  0]LogConfig: Setting CVar [[r.EyeAdaptationQuality:2]]
[2020.07.19-19.34.51:066][  0]LogConfig: Setting CVar [[r.BloomQuality:5]]
[2020.07.19-19.34.51:066][  0]LogConfig: Setting CVar [[r.FastBlurThreshold:100]]
[2020.07.19-19.34.51:066][  0]LogConfig: Setting CVar [[r.Upscale.Quality:3]]
[2020.07.19-19.34.51:066][  0]LogConfig: Setting CVar [[r.Tonemapper.GrainQuantization:1]]
[2020.07.19-19.34.51:066][  0]LogConfig: Setting CVar [[r.LightShaftQuality:1]]
[2020.07.19-19.34.51:066][  0]LogConfig: Setting CVar [[r.Filter.SizeScale:1]]
[2020.07.19-19.34.51:066][  0]LogConfig: Setting CVar [[r.Tonemapper.Quality:5]]
[2020.07.19-19.34.51:066][  0]LogConfig: Setting CVar [[r.DOF.Gather.AccumulatorQuality:1        ; higher gathering accumulator quality]]
[2020.07.19-19.34.51:066][  0]LogConfig: Setting CVar [[r.DOF.Gather.PostfilterMethod:1          ; Median3x3 postfilering method]]
[2020.07.19-19.34.51:066][  0]LogConfig: Setting CVar [[r.DOF.Gather.EnableBokehSettings:0       ; no bokeh simulation when gathering]]
[2020.07.19-19.34.51:066][  0]LogConfig: Setting CVar [[r.DOF.Gather.RingCount:4                 ; medium number of samples when gathering]]
[2020.07.19-19.34.51:066][  0]LogConfig: Setting CVar [[r.DOF.Scatter.ForegroundCompositing:1    ; additive foreground scattering]]
[2020.07.19-19.34.51:066][  0]LogConfig: Setting CVar [[r.DOF.Scatter.BackgroundCompositing:2    ; additive background scattering]]
[2020.07.19-19.34.51:066][  0]LogConfig: Setting CVar [[r.DOF.Scatter.EnableBokehSettings:1      ; bokeh simulation when scattering]]
[2020.07.19-19.34.51:066][  0]LogConfig: Setting CVar [[r.DOF.Scatter.MaxSpriteRatio:0.1         ; only a maximum of 10% of scattered bokeh]]
[2020.07.19-19.34.51:066][  0]LogConfig: Setting CVar [[r.DOF.Recombine.Quality:1                ; cheap slight out of focus]]
[2020.07.19-19.34.51:066][  0]LogConfig: Setting CVar [[r.DOF.Recombine.EnableBokehSettings:0    ; no bokeh simulation on slight out of focus]]
[2020.07.19-19.34.51:066][  0]LogConfig: Setting CVar [[r.DOF.TemporalAAQuality:1                ; more stable temporal accumulation]]
[2020.07.19-19.34.51:066][  0]LogConfig: Setting CVar [[r.DOF.Kernel.MaxForegroundRadius:0.025]]
[2020.07.19-19.34.51:066][  0]LogConfig: Setting CVar [[r.DOF.Kernel.MaxBackgroundRadius:0.025]]
[2020.07.19-19.34.51:066][  0]LogConfig: Applying CVar settings from Section [TextureQuality@3] File [C:/Users/ninte/OneDrive/Desktop/The_Unknown_/TheUnknown/Saved/Config/Windows/Scalability.ini]
[2020.07.19-19.34.51:066][  0]LogConfig: Setting CVar [[r.Streaming.MipBias:0]]
[2020.07.19-19.34.51:066][  0]LogConfig: Setting CVar [[r.Streaming.AmortizeCPUToGPUCopy:0]]
[2020.07.19-19.34.51:066][  0]LogConfig: Setting CVar [[r.Streaming.MaxNumTexturesToStreamPerFrame:0]]
[2020.07.19-19.34.51:066][  0]LogConfig: Setting CVar [[r.Streaming.Boost:1]]
[2020.07.19-19.34.51:066][  0]LogConfig: Setting CVar [[r.MaxAnisotropy:8]]
[2020.07.19-19.34.51:066][  0]LogConfig: Setting CVar [[r.VT.MaxAnisotropy:8]]
[2020.07.19-19.34.51:066][  0]LogConfig: Setting CVar [[r.Streaming.LimitPoolSizeToVRAM:0]]
[2020.07.19-19.34.51:066][  0]LogConfig: Setting CVar [[r.Streaming.PoolSize:1000]]
[2020.07.19-19.34.51:066][  0]LogConfig: Setting CVar [[r.Streaming.MaxEffectiveScreenSize:0]]
[2020.07.19-19.34.51:066][  0]LogConfig: Applying CVar settings from Section [EffectsQuality@3] File [C:/Users/ninte/OneDrive/Desktop/The_Unknown_/TheUnknown/Saved/Config/Windows/Scalability.ini]
[2020.07.19-19.34.51:067][  0]LogConfig: Setting CVar [[r.TranslucencyLightingVolumeDim:64]]
[2020.07.19-19.34.51:067][  0]LogConfig: Setting CVar [[r.RefractionQuality:2]]
[2020.07.19-19.34.51:067][  0]LogConfig: Setting CVar [[r.SSR.Quality:3]]
[2020.07.19-19.34.51:067][  0]LogConfig: Setting CVar [[r.SSR.HalfResSceneColor:0]]
[2020.07.19-19.34.51:067][  0]LogConfig: Setting CVar [[r.SceneColorFormat:4]]
[2020.07.19-19.34.51:067][  0]LogConfig: Setting CVar [[r.DetailMode:2]]
[2020.07.19-19.34.51:067][  0]LogConfig: Setting CVar [[r.TranslucencyVolumeBlur:1]]
[2020.07.19-19.34.51:067][  0]LogConfig: Setting CVar [[r.MaterialQualityLevel:1 ; High quality]]
[2020.07.19-19.34.51:067][  0]LogConfig: Setting CVar [[r.SSS.Scale:1]]
[2020.07.19-19.34.51:067][  0]LogConfig: Setting CVar [[r.SSS.SampleSet:2]]
[2020.07.19-19.34.51:067][  0]LogConfig: Setting CVar [[r.SSS.Quality:1]]
[2020.07.19-19.34.51:067][  0]LogConfig: Setting CVar [[r.SSS.HalfRes:0]]
[2020.07.19-19.34.51:067][  0]LogConfig: Setting CVar [[r.SSGI.Quality:3]]
[2020.07.19-19.34.51:067][  0]LogConfig: Setting CVar [[r.EmitterSpawnRateScale:1.0]]
[2020.07.19-19.34.51:067][  0]LogConfig: Setting CVar [[r.ParticleLightQuality:2]]
[2020.07.19-19.34.51:067][  0]LogConfig: Setting CVar [[r.SkyAtmosphere.AerialPerspectiveLUT.FastApplyOnOpaque:1 ; Always have FastSkyLUT 1 in this case to avoid wrong sky]]
[2020.07.19-19.34.51:067][  0]LogConfig: Setting CVar [[r.SkyAtmosphere.AerialPerspectiveLUT.SampleCountPerSlice:1]]
[2020.07.19-19.34.51:067][  0]LogConfig: Setting CVar [[r.SkyAtmosphere.AerialPerspectiveLUT.DepthResolution:16.0]]
[2020.07.19-19.34.51:067][  0]LogConfig: Setting CVar [[r.SkyAtmosphere.FastSkyLUT:1]]
[2020.07.19-19.34.51:067][  0]LogConfig: Setting CVar [[r.SkyAtmosphere.FastSkyLUT.SampleCountMin:4.0]]
[2020.07.19-19.34.51:067][  0]LogConfig: Setting CVar [[r.SkyAtmosphere.FastSkyLUT.SampleCountMax:32.0]]
[2020.07.19-19.34.51:067][  0]LogConfig: Setting CVar [[r.SkyAtmosphere.SampleCountMin:4.0]]
[2020.07.19-19.34.51:067][  0]LogConfig: Setting CVar [[r.SkyAtmosphere.SampleCountMax:32.0]]
[2020.07.19-19.34.51:067][  0]LogConfig: Setting CVar [[r.SkyAtmosphere.TransmittanceLUT.UseSmallFormat:0]]
[2020.07.19-19.34.51:067][  0]LogConfig: Setting CVar [[r.SkyAtmosphere.TransmittanceLUT.SampleCount:10.0]]
[2020.07.19-19.34.51:067][  0]LogConfig: Setting CVar [[r.SkyAtmosphere.MultiScatteringLUT.SampleCount:15.0]]
[2020.07.19-19.34.51:067][  0]LogConfig: Applying CVar settings from Section [FoliageQuality@3] File [C:/Users/ninte/OneDrive/Desktop/The_Unknown_/TheUnknown/Saved/Config/Windows/Scalability.ini]
[2020.07.19-19.34.51:067][  0]LogConfig: Setting CVar [[foliage.DensityScale:1.0]]
[2020.07.19-19.34.51:067][  0]LogConfig: Setting CVar [[grass.DensityScale:1.0]]
[2020.07.19-19.34.51:067][  0]LogConfig: Applying CVar settings from Section [ShadingQuality@3] File [C:/Users/ninte/OneDrive/Desktop/The_Unknown_/TheUnknown/Saved/Config/Windows/Scalability.ini]
[2020.07.19-19.34.51:067][  0]LogConfig: Setting CVar [[r.HairStrands.SkyLighting.SampleCount:16]]
[2020.07.19-19.34.51:067][  0]LogConfig: Setting CVar [[r.HairStrands.SkyLighting.JitterIntegration:0]]
[2020.07.19-19.34.51:067][  0]LogConfig: Setting CVar [[r.HairStrands.SkyAO.SampleCount:16]]
[2020.07.19-19.34.51:067][  0]LogConfig: Setting CVar [[r.HairStrands.DeepShadow.SuperSampling:0]]
[2020.07.19-19.34.51:067][  0]LogConfig: Setting CVar [[r.HairStrands.VisibilityPPLL:0]]
[2020.07.19-19.34.51:067][  0]LogConfig: Setting CVar [[r.HairStrands.RasterizationScale:0.5]]
[2020.07.19-19.34.51:067][  0]LogConfig: Setting CVar [[r.HairStrands.VelocityRasterizationScale:1]]
[2020.07.19-19.34.51:067][  0]LogInit: Selected Device Profile: [Windows]
[2020.07.19-19.34.51:084][  0]LogInit: Applying CVar settings loaded from the selected device profile: [Windows]
[2020.07.19-19.34.51:099][  0]LogHAL: Display: Platform has ~ 16 GB [17070276608 / 17179869184 / 16], which maps to Larger [LargestMinGB=32, LargerMinGB=12, DefaultMinGB=8, SmallerMinGB=6, SmallestMinGB=0)
[2020.07.19-19.34.51:099][  0]LogInit: Going up to parent DeviceProfile []
[2020.07.19-19.34.51:099][  0]LogConfig: Applying CVar settings from Section [ViewDistanceQuality@2] File [C:/Users/ninte/OneDrive/Desktop/The_Unknown_/TheUnknown/Saved/Config/Windows/Scalability.ini]
[2020.07.19-19.34.51:099][  0]LogConfig: Setting CVar [[r.SkeletalMeshLODBias:0]]
[2020.07.19-19.34.51:099][  0]LogConfig: Setting CVar [[r.ViewDistanceScale:0.8]]
[2020.07.19-19.34.51:099][  0]LogConfig: Applying CVar settings from Section [AntiAliasingQuality@2] File [C:/Users/ninte/OneDrive/Desktop/The_Unknown_/TheUnknown/Saved/Config/Windows/Scalability.ini]
[2020.07.19-19.34.51:099][  0]LogConfig: Setting CVar [[r.PostProcessAAQuality:3]]
[2020.07.19-19.34.51:099][  0]LogConfig: Applying CVar settings from Section [ShadowQuality@2] File [C:/Users/ninte/OneDrive/Desktop/The_Unknown_/TheUnknown/Saved/Config/Windows/Scalability.ini]
[2020.07.19-19.34.51:099][  0]LogConfig: Setting CVar [[r.LightFunctionQuality:1]]
[2020.07.19-19.34.51:099][  0]LogConfig: Setting CVar [[r.ShadowQuality:5]]
[2020.07.19-19.34.51:099][  0]LogConfig: Setting CVar [[r.Shadow.CSM.MaxCascades:4]]
[2020.07.19-19.34.51:099][  0]LogConfig: Setting CVar [[r.Shadow.MaxResolution:1024]]
[2020.07.19-19.34.51:099][  0]LogConfig: Setting CVar [[r.Shadow.MaxCSMResolution:2048]]
[2020.07.19-19.34.51:099][  0]LogConfig: Setting CVar [[r.Shadow.RadiusThreshold:0.04]]
[2020.07.19-19.34.51:099][  0]LogConfig: Setting CVar [[r.Shadow.DistanceScale:0.85]]
[2020.07.19-19.34.51:099][  0]LogConfig: Setting CVar [[r.Shadow.CSM.TransitionScale:0.8]]
[2020.07.19-19.34.51:099][  0]LogConfig: Setting CVar [[r.Shadow.PreShadowResolutionFactor:0.5]]
[2020.07.19-19.34.51:099][  0]LogConfig: Setting CVar [[r.DistanceFieldShadowing:1]]
[2020.07.19-19.34.51:099][  0]LogConfig: Setting CVar [[r.DistanceFieldAO:1]]
[2020.07.19-19.34.51:099][  0]LogConfig: Setting CVar [[r.AOQuality:1]]
[2020.07.19-19.34.51:099][  0]LogConfig: Setting CVar [[r.VolumetricFog:1]]
[2020.07.19-19.34.51:099][  0]LogConfig: Setting CVar [[r.VolumetricFog.GridPixelSize:16]]
[2020.07.19-19.34.51:099][  0]LogConfig: Setting CVar [[r.VolumetricFog.GridSizeZ:64]]
[2020.07.19-19.34.51:099][  0]LogConfig: Setting CVar [[r.VolumetricFog.HistoryMissSupersampleCount:4]]
[2020.07.19-19.34.51:099][  0]LogConfig: Setting CVar [[r.LightMaxDrawDistanceScale:1]]
[2020.07.19-19.34.51:099][  0]LogConfig: Setting CVar [[r.CapsuleShadows:1]]
[2020.07.19-19.34.51:099][  0]LogConfig: Applying CVar settings from Section [PostProcessQuality@2] File [C:/Users/ninte/OneDrive/Desktop/The_Unknown_/TheUnknown/Saved/Config/Windows/Scalability.ini]
[2020.07.19-19.34.51:099][  0]LogConfig: Setting CVar [[r.MotionBlurQuality:3]]
[2020.07.19-19.34.51:099][  0]LogConfig: Setting CVar [[r.AmbientOcclusionMipLevelFactor:0.6]]
[2020.07.19-19.34.51:099][  0]LogConfig: Setting CVar [[r.AmbientOcclusionMaxQuality:100]]
[2020.07.19-19.34.51:099][  0]LogConfig: Setting CVar [[r.AmbientOcclusionLevels:-1]]
[2020.07.19-19.34.51:099][  0]LogConfig: Setting CVar [[r.AmbientOcclusionRadiusScale:1.5]]
[2020.07.19-19.34.51:099][  0]LogConfig: Setting CVar [[r.DepthOfFieldQuality:2]]
[2020.07.19-19.34.51:099][  0]LogConfig: Setting CVar [[r.RenderTargetPoolMin:400]]
[2020.07.19-19.34.51:099][  0]LogConfig: Setting CVar [[r.LensFlareQuality:2]]
[2020.07.19-19.34.51:099][  0]LogConfig: Setting CVar [[r.SceneColorFringeQuality:1]]
[2020.07.19-19.34.51:099][  0]LogConfig: Setting CVar [[r.EyeAdaptationQuality:2]]
[2020.07.19-19.34.51:099][  0]LogConfig: Setting CVar [[r.BloomQuality:5]]
[2020.07.19-19.34.51:099][  0]LogConfig: Setting CVar [[r.FastBlurThreshold:3]]
[2020.07.19-19.34.51:099][  0]LogConfig: Setting CVar [[r.Upscale.Quality:2]]
[2020.07.19-19.34.51:099][  0]LogConfig: Setting CVar [[r.Tonemapper.GrainQuantization:1]]
[2020.07.19-19.34.51:099][  0]LogConfig: Setting CVar [[r.LightShaftQuality:1]]
[2020.07.19-19.34.51:099][  0]LogConfig: Setting CVar [[r.Filter.SizeScale:0.8]]
[2020.07.19-19.34.51:099][  0]LogConfig: Setting CVar [[r.Tonemapper.Quality:5]]
[2020.07.19-19.34.51:099][  0]LogConfig: Setting CVar [[r.DOF.Gather.AccumulatorQuality:0        ; lower gathering accumulator quality]]
[2020.07.19-19.34.51:099][  0]LogConfig: Setting CVar [[r.DOF.Gather.PostfilterMethod:2          ; Max3x3 postfilering method]]
[2020.07.19-19.34.51:099][  0]LogConfig: Setting CVar [[r.DOF.Gather.EnableBokehSettings:0       ; no bokeh simulation when gathering]]
[2020.07.19-19.34.51:099][  0]LogConfig: Setting CVar [[r.DOF.Gather.RingCount:4                 ; medium number of samples when gathering]]
[2020.07.19-19.34.51:099][  0]LogConfig: Setting CVar [[r.DOF.Scatter.ForegroundCompositing:1    ; additive foreground scattering]]
[2020.07.19-19.34.51:099][  0]LogConfig: Setting CVar [[r.DOF.Scatter.BackgroundCompositing:1    ; no background occlusion]]
[2020.07.19-19.34.51:099][  0]LogConfig: Setting CVar [[r.DOF.Scatter.EnableBokehSettings:0      ; no bokeh simulation when scattering]]
[2020.07.19-19.34.51:099][  0]LogConfig: Setting CVar [[r.DOF.Scatter.MaxSpriteRatio:0.04        ; only a maximum of 4% of scattered bokeh]]
[2020.07.19-19.34.51:099][  0]LogConfig: Setting CVar [[r.DOF.Recombine.Quality:0                ; no slight out of focus]]
[2020.07.19-19.34.51:099][  0]LogConfig: Setting CVar [[r.DOF.TemporalAAQuality:0                ; faster temporal accumulation]]
[2020.07.19-19.34.51:099][  0]LogConfig: Setting CVar [[r.DOF.Kernel.MaxForegroundRadius:0.012   ; required because of AccumulatorQuality=0]]
[2020.07.19-19.34.51:099][  0]LogConfig: Setting CVar [[r.DOF.Kernel.MaxBackgroundRadius:0.012   ; required because of AccumulatorQuality=0]]
[2020.07.19-19.34.51:099][  0]LogConfig: Applying CVar settings from Section [TextureQuality@2] File [C:/Users/ninte/OneDrive/Desktop/The_Unknown_/TheUnknown/Saved/Config/Windows/Scalability.ini]
[2020.07.19-19.34.51:099][  0]LogConfig: Setting CVar [[r.Streaming.MipBias:0]]
[2020.07.19-19.34.51:099][  0]LogConfig: Setting CVar [[r.Streaming.AmortizeCPUToGPUCopy:0]]
[2020.07.19-19.34.51:100][  0]LogConfig: Setting CVar [[r.Streaming.MaxNumTexturesToStreamPerFrame:0]]
[2020.07.19-19.34.51:100][  0]LogConfig: Setting CVar [[r.Streaming.Boost:1]]
[2020.07.19-19.34.51:100][  0]LogConfig: Setting CVar [[r.MaxAnisotropy:4]]
[2020.07.19-19.34.51:100][  0]LogConfig: Setting CVar [[r.VT.MaxAnisotropy:8]]
[2020.07.19-19.34.51:100][  0]LogConfig: Setting CVar [[r.Streaming.LimitPoolSizeToVRAM:1]]
[2020.07.19-19.34.51:100][  0]LogConfig: Setting CVar [[r.Streaming.PoolSize:800]]
[2020.07.19-19.34.51:100][  0]LogConfig: Setting CVar [[r.Streaming.MaxEffectiveScreenSize:0]]
[2020.07.19-19.34.51:100][  0]LogConfig: Applying CVar settings from Section [EffectsQuality@2] File [C:/Users/ninte/OneDrive/Desktop/The_Unknown_/TheUnknown/Saved/Config/Windows/Scalability.ini]
[2020.07.19-19.34.51:100][  0]LogConfig: Setting CVar [[r.TranslucencyLightingVolumeDim:48]]
[2020.07.19-19.34.51:100][  0]LogConfig: Setting CVar [[r.RefractionQuality:2]]
[2020.07.19-19.34.51:100][  0]LogConfig: Setting CVar [[r.SSR.Quality:2]]
[2020.07.19-19.34.51:100][  0]LogConfig: Setting CVar [[r.SSR.HalfResSceneColor:1]]
[2020.07.19-19.34.51:100][  0]LogConfig: Setting CVar [[r.SceneColorFormat:3]]
[2020.07.19-19.34.51:100][  0]LogConfig: Setting CVar [[r.DetailMode:1]]
[2020.07.19-19.34.51:100][  0]LogConfig: Setting CVar [[r.TranslucencyVolumeBlur:1]]
[2020.07.19-19.34.51:100][  0]LogConfig: Setting CVar [[r.MaterialQualityLevel:1 ; High quality]]
[2020.07.19-19.34.51:100][  0]LogConfig: Setting CVar [[r.SSS.Scale:1]]
[2020.07.19-19.34.51:100][  0]LogConfig: Setting CVar [[r.SSS.SampleSet:1]]
[2020.07.19-19.34.51:100][  0]LogConfig: Setting CVar [[r.SSS.Quality:-1]]
[2020.07.19-19.34.51:100][  0]LogConfig: Setting CVar [[r.SSS.HalfRes:1]]
[2020.07.19-19.34.51:100][  0]LogConfig: Setting CVar [[r.SSGI.Quality:2]]
[2020.07.19-19.34.51:100][  0]LogConfig: Setting CVar [[r.EmitterSpawnRateScale:0.5]]
[2020.07.19-19.34.51:100][  0]LogConfig: Setting CVar [[r.ParticleLightQuality:1]]
[2020.07.19-19.34.51:100][  0]LogConfig: Setting CVar [[r.SkyAtmosphere.AerialPerspectiveLUT.FastApplyOnOpaque:1 ; Always have FastSkyLUT 1 in this case to avoid wrong sky]]
[2020.07.19-19.34.51:100][  0]LogConfig: Setting CVar [[r.SkyAtmosphere.AerialPerspectiveLUT.SampleCountPerSlice:1]]
[2020.07.19-19.34.51:100][  0]LogConfig: Setting CVar [[r.SkyAtmosphere.AerialPerspectiveLUT.DepthResolution:16.0]]
[2020.07.19-19.34.51:100][  0]LogConfig: Setting CVar [[r.SkyAtmosphere.FastSkyLUT:1]]
[2020.07.19-19.34.51:100][  0]LogConfig: Setting CVar [[r.SkyAtmosphere.FastSkyLUT.SampleCountMin:4.0]]
[2020.07.19-19.34.51:100][  0]LogConfig: Setting CVar [[r.SkyAtmosphere.FastSkyLUT.SampleCountMax:32.0]]
[2020.07.19-19.34.51:100][  0]LogConfig: Setting CVar [[r.SkyAtmosphere.SampleCountMin:4.0]]
[2020.07.19-19.34.51:100][  0]LogConfig: Setting CVar [[r.SkyAtmosphere.SampleCountMax:32.0]]
[2020.07.19-19.34.51:100][  0]LogConfig: Setting CVar [[r.SkyAtmosphere.TransmittanceLUT.UseSmallFormat:0]]
[2020.07.19-19.34.51:100][  0]LogConfig: Setting CVar [[r.SkyAtmosphere.TransmittanceLUT.SampleCount:10.0]]
[2020.07.19-19.34.51:100][  0]LogConfig: Setting CVar [[r.SkyAtmosphere.MultiScatteringLUT.SampleCount:15.0]]
[2020.07.19-19.34.51:100][  0]LogConfig: Applying CVar settings from Section [FoliageQuality@2] File [C:/Users/ninte/OneDrive/Desktop/The_Unknown_/TheUnknown/Saved/Config/Windows/Scalability.ini]
[2020.07.19-19.34.51:100][  0]LogConfig: Setting CVar [[foliage.DensityScale:0.8]]
[2020.07.19-19.34.51:100][  0]LogConfig: Setting CVar [[grass.DensityScale:0.8]]
[2020.07.19-19.34.51:100][  0]LogConfig: Applying CVar settings from Section [ShadingQuality@2] File [C:/Users/ninte/OneDrive/Desktop/The_Unknown_/TheUnknown/Saved/Config/Windows/Scalability.ini]
[2020.07.19-19.34.51:100][  0]LogConfig: Setting CVar [[r.HairStrands.SkyLighting.SampleCount:16]]
[2020.07.19-19.34.51:100][  0]LogConfig: Setting CVar [[r.HairStrands.SkyLighting.JitterIntegration:0]]
[2020.07.19-19.34.51:100][  0]LogConfig: Setting CVar [[r.HairStrands.SkyAO.SampleCount:16]]
[2020.07.19-19.34.51:100][  0]LogConfig: Setting CVar [[r.HairStrands.DeepShadow.SuperSampling:0]]
[2020.07.19-19.34.51:100][  0]LogConfig: Setting CVar [[r.HairStrands.VisibilityPPLL:0]]
[2020.07.19-19.34.51:100][  0]LogConfig: Setting CVar [[r.HairStrands.RasterizationScale:0.5]]
[2020.07.19-19.34.51:100][  0]LogConfig: Setting CVar [[r.HairStrands.VelocityRasterizationScale:1]]
[2020.07.19-19.34.51:100][  0]LogConfig: Applying CVar settings from Section [Startup] File [../../../Engine/Config/ConsoleVariables.ini]
[2020.07.19-19.34.51:117][  0]LogConfig: Setting CVar [[net.UseAdaptiveNetUpdateFrequency:0]]
[2020.07.19-19.34.51:117][  0]LogConfig: Setting CVar [[p.chaos.AllowCreatePhysxBodies:1]]
[2020.07.19-19.34.51:117][  0]LogConfig: Setting CVar [[fx.SkipVectorVMBackendOptimizations:1]]
[2020.07.19-19.34.51:117][  0]LogConfig: Applying CVar settings from Section [ConsoleVariables] File [C:/Users/ninte/OneDrive/Desktop/The_Unknown_/TheUnknown/Saved/Config/Windows/Engine.ini]
[2020.07.19-19.34.51:198][  0]LogInit: Computer: DESKTOP-RVKEQI5
[2020.07.19-19.34.51:198][  0]LogInit: User: ninte
[2020.07.19-19.34.51:201][  0]LogInit: CPU Page size=4096, Cores=6
[2020.07.19-19.34.51:201][  0]LogInit: High frequency timer resolution =10.000000 MHz
[2020.07.19-19.34.51:204][  0]LogMemory: Memory total: Physical=15.9GB (16GB approx)
[2020.07.19-19.34.51:207][  0]LogMemory: Platform Memory Stats for Windows
[2020.07.19-19.34.51:207][  0]LogMemory: Process Physical Memory: 116.95 MB used, 116.95 MB peak
[2020.07.19-19.34.51:207][  0]LogMemory: Process Virtual Memory: 119.51 MB used, 119.51 MB peak
[2020.07.19-19.34.51:207][  0]LogMemory: Physical Memory: 5627.97 MB used,  10651.52 MB free, 16279.48 MB total
[2020.07.19-19.34.51:207][  0]LogMemory: Virtual Memory: 5188.09 MB used,  134212536.00 MB free, 134217728.00 MB total
[2020.07.19-19.34.51:238][  0]LogWindows: WindowsPlatformFeatures enabled
[2020.07.19-19.34.52:008][  0]LogInit: Physics initialised using underlying interface: PhysX
[2020.07.19-19.34.52:108][  0]LogInit: Using OS detected language (en-US).
[2020.07.19-19.34.52:108][  0]LogInit: Using OS detected locale (en-US).
[2020.07.19-19.34.52:111][  0]LogTextLocalizationManager: No specific localization for 'en-US' exists, so the 'en' localization will be used.
[2020.07.19-19.34.52:654][  0]LogInit: Setting process to per monitor DPI aware
[2020.07.19-19.34.53:063][  0]LogSlate: New Slate User Created.  User Index 0, Is Virtual User: 0
[2020.07.19-19.34.53:064][  0]LogSlate: Slate User Registered.  User Index 0, Is Virtual User: 0
[2020.07.19-19.34.55:874][  0]LogHMD: Failed to initialize OpenVR with code 102
[2020.07.19-19.34.55:874][  0]LogD3D11RHI: D3D11 min allowed feature level: 11_0
[2020.07.19-19.34.55:874][  0]LogD3D11RHI: D3D11 max allowed feature level: 11_0
[2020.07.19-19.34.55:874][  0]LogD3D11RHI: D3D11 adapters:
[2020.07.19-19.34.55:974][  0]LogD3D11RHI:    0. 'NVIDIA GeForce GTX 980' (Feature Level 11_0)
[2020.07.19-19.34.55:974][  0]LogD3D11RHI:       4053/0/8139 MB DedicatedVideo/DedicatedSystem/SharedSystem, Outputs:2, VendorId:0x10de
[2020.07.19-19.34.55:978][  0]LogD3D11RHI:    1. 'Microsoft Basic Render Driver' (Feature Level 11_0)
[2020.07.19-19.34.55:978][  0]LogD3D11RHI:       0/0/8139 MB DedicatedVideo/DedicatedSystem/SharedSystem, Outputs:0, VendorId:0x1414
[2020.07.19-19.34.55:978][  0]LogD3D11RHI: Chosen D3D11 Adapter: 0
[2020.07.19-19.34.56:002][  0]LogD3D11RHI: Creating new Direct3DDevice
[2020.07.19-19.34.56:002][  0]LogD3D11RHI:     GPU DeviceId: 0x13c0 (for the marketing name, search the web for "GPU Device Id")
[2020.07.19-19.34.56:015][  0]LogWindows: EnumDisplayDevices:
[2020.07.19-19.34.56:016][  0]LogWindows:    0. 'NVIDIA GeForce GTX 980' (P:1 D:1)
[2020.07.19-19.34.56:016][  0]LogWindows:    1. 'NVIDIA GeForce GTX 980' (P:0 D:1)
[2020.07.19-19.34.56:016][  0]LogWindows:    2. 'NVIDIA GeForce GTX 980' (P:0 D:0)
[2020.07.19-19.34.56:016][  0]LogWindows:    3. 'NVIDIA GeForce GTX 980' (P:0 D:0)
[2020.07.19-19.34.56:017][  0]LogWindows: DebugString: FoundDriverCount:4 
[2020.07.19-19.34.56:017][  0]LogD3D11RHI:     Adapter Name: NVIDIA GeForce GTX 980
[2020.07.19-19.34.56:017][  0]LogD3D11RHI:   Driver Version: 451.67 (internal:27.21.14.5167, unified:451.67)
[2020.07.19-19.34.56:017][  0]LogD3D11RHI:      Driver Date: 7-5-2020
[2020.07.19-19.34.56:017][  0]LogRHI: Texture pool is 2837 MB (70% of 4053 MB)
[2020.07.19-19.34.56:071][  0]LogD3D11RHI: RHI has support for 64 bit atomics
[2020.07.19-19.34.56:099][  0]LogD3D11RHI: [Aftermath] Enabled and primed
[2020.07.19-19.34.56:099][  0]LogD3D11RHI: Async texture creation enabled
[2020.07.19-19.34.56:099][  0]LogD3D11RHI: Array index from any shader is supported
[2020.07.19-19.34.56:632][  0]LogD3D11RHI: GPU Timing Frequency: 1000.000000 (Debug: 2 1)
[2020.07.19-19.34.57:361][  0]LogTargetPlatformManager: Display: Loaded TargetPlatform 'AllDesktop'
[2020.07.19-19.34.57:426][  0]LogTargetPlatformManager: Display: Loaded TargetPlatform 'Android'
[2020.07.19-19.34.57:426][  0]LogTargetPlatformManager: Display: Loaded TargetPlatform 'Android_ASTC'
[2020.07.19-19.34.57:426][  0]LogTargetPlatformManager: Display: Loaded TargetPlatform 'Android_DXT'
[2020.07.19-19.34.57:426][  0]LogTargetPlatformManager: Display: Loaded TargetPlatform 'Android_ETC2'
[2020.07.19-19.34.57:426][  0]LogTargetPlatformManager: Display: Loaded TargetPlatform 'AndroidClient'
[2020.07.19-19.34.57:426][  0]LogTargetPlatformManager: Display: Loaded TargetPlatform 'Android_ASTCClient'
[2020.07.19-19.34.57:426][  0]LogTargetPlatformManager: Display: Loaded TargetPlatform 'Android_DXTClient'
[2020.07.19-19.34.57:426][  0]LogTargetPlatformManager: Display: Loaded TargetPlatform 'Android_ETC2Client'
[2020.07.19-19.34.57:426][  0]LogTargetPlatformManager: Display: Loaded TargetPlatform 'Android_Multi'
[2020.07.19-19.34.57:426][  0]LogTargetPlatformManager: Display: Loaded TargetPlatform 'Android_MultiClient'
[2020.07.19-19.34.57:531][  0]LogTargetPlatformManager: Display: Loaded TargetPlatform 'IOSClient'
[2020.07.19-19.34.57:531][  0]LogTargetPlatformManager: Display: Loaded TargetPlatform 'IOS'
[2020.07.19-19.34.57:574][  0]LogTargetPlatformManager: Display: Loaded TargetPlatform 'Linux'
[2020.07.19-19.34.57:600][  0]LogTargetPlatformManager: Display: Loaded TargetPlatform 'LinuxNoEditor'
[2020.07.19-19.34.57:626][  0]LogTargetPlatformManager: Display: Loaded TargetPlatform 'LinuxClient'
[2020.07.19-19.34.57:651][  0]LogTargetPlatformManager: Display: Loaded TargetPlatform 'LinuxServer'
[2020.07.19-19.34.57:677][  0]LogTargetPlatformManager: Display: Loaded TargetPlatform 'LinuxAArch64NoEditor'
[2020.07.19-19.34.57:703][  0]LogTargetPlatformManager: Display: Loaded TargetPlatform 'LinuxAArch64Client'
[2020.07.19-19.34.57:729][  0]LogTargetPlatformManager: Display: Loaded TargetPlatform 'LinuxAArch64Server'
[2020.07.19-19.34.57:783][  0]LogTargetPlatformManager: Display: Loaded TargetPlatform 'Lumin'
[2020.07.19-19.34.57:783][  0]LogTargetPlatformManager: Display: Loaded TargetPlatform 'LuminClient'
[2020.07.19-19.34.57:816][  0]LogTargetPlatformManager: Display: Loaded TargetPlatform 'TVOSClient'
[2020.07.19-19.34.57:816][  0]LogTargetPlatformManager: Display: Loaded TargetPlatform 'TVOS'
[2020.07.19-19.34.57:863][  0]LogTargetPlatformManager: Display: Loaded TargetPlatform 'WindowsNoEditor'
[2020.07.19-19.34.57:901][  0]LogTargetPlatformManager: Display: Loaded TargetPlatform 'Windows'
[2020.07.19-19.34.57:927][  0]LogTargetPlatformManager: Display: Loaded TargetPlatform 'WindowsClient'
[2020.07.19-19.34.57:954][  0]LogTargetPlatformManager: Display: Loaded TargetPlatform 'WindowsServer'
[2020.07.19-19.34.57:954][  0]LogTargetPlatformManager: Display: Building Assets For Windows
[2020.07.19-19.34.58:127][  0]LogAudioDebug: Display: Lib vorbis DLL was dynamically loaded.
[2020.07.19-19.34.58:854][  0]LogShaderCompilers: Guid format shader working directory is -10 characters bigger than the processId version (C:/Users/ninte/OneDrive/Desktop/The_Unknown_/TheUnknown/Intermediate/Shaders/WorkingDirectory/14588/).
[2020.07.19-19.34.58:854][  0]LogShaderCompilers: Cleaned the shader compiler working directory 'C:/Users/ninte/AppData/Local/Temp/UnrealShaderWorkingDir/238749394AF4E4A0DF1DED9372068A86/'.
[2020.07.19-19.34.58:887][  0]LogXGEController: Cleaning working directory: C:/Users/ninte/AppData/Local/Temp/UnrealXGEWorkingDir/
[2020.07.19-19.34.58:887][  0]LogXGEController: Cannot use XGE Controller as Incredibuild is not installed on this machine.
[2020.07.19-19.34.58:887][  0]LogShaderCompilers: Cannot use XGE Shader Compiler as Incredibuild is not installed on this machine.
[2020.07.19-19.34.58:887][  0]LogShaderCompilers: Display: Using Local Shader Compiler.
[2020.07.19-19.35.02:973][  0]LogDerivedDataCache: Display: Max Cache Size: 512 MB
[2020.07.19-19.35.03:042][  0]LogDerivedDataCache: Loaded boot cache 0.07s 1MB C:/Users/ninte/AppData/Local/UnrealEngine/4.25/DerivedDataCache/Boot.ddc.
[2020.07.19-19.35.03:042][  0]LogDerivedDataCache: Display: Loaded Boot cache: C:/Users/ninte/AppData/Local/UnrealEngine/4.25/DerivedDataCache/Boot.ddc
[2020.07.19-19.35.03:042][  0]LogDerivedDataCache: FDerivedDataBackendGraph:  Pak pak cache file C:/Users/ninte/OneDrive/Desktop/The_Unknown_/TheUnknown/DerivedDataCache/DDC.ddp not found, will not use a pak cache.
[2020.07.19-19.35.03:043][  0]LogDerivedDataCache: Unable to find inner node Pak for hierarchical cache Hierarchy.
[2020.07.19-19.35.03:043][  0]LogDerivedDataCache: FDerivedDataBackendGraph:  CompressedPak pak cache file C:/Users/ninte/OneDrive/Desktop/The_Unknown_/TheUnknown/DerivedDataCache/Compressed.ddp not found, will not use a pak cache.
[2020.07.19-19.35.03:043][  0]LogDerivedDataCache: Unable to find inner node CompressedPak for hierarchical cache Hierarchy.
[2020.07.19-19.35.03:125][  0]LogDerivedDataCache: Display: Pak cache opened for reading ../../../Engine/DerivedDataCache/Compressed.ddp.
[2020.07.19-19.35.03:126][  0]LogDerivedDataCache: FDerivedDataBackendGraph:  EnterprisePak pak cache file ../../../Enterprise/DerivedDataCache/Compressed.ddp not found, will not use a pak cache.
[2020.07.19-19.35.03:126][  0]LogDerivedDataCache: Unable to find inner node EnterprisePak for hierarchical cache Hierarchy.
[2020.07.19-19.35.03:127][  0]LogDerivedDataCache: Using Local data cache path C:/Users/ninte/AppData/Local/UnrealEngine/Common/DerivedDataCache: Writable
[2020.07.19-19.35.03:127][  0]LogDerivedDataCache: Shared data cache path not found in *engine.ini, will not use an Shared cache.
[2020.07.19-19.35.03:127][  0]LogDerivedDataCache: Unable to find inner node Shared for hierarchical cache Hierarchy.
[2020.07.19-19.35.03:522][  0]LogSlate: Using FreeType 2.10.0
[2020.07.19-19.35.03:604][  0]LogSlate: SlateFontServices - WITH_FREETYPE: 1, WITH_HARFBUZZ: 1
[2020.07.19-19.35.04:056][  0]LogAssetRegistry: FAssetRegistry took 0.0178 seconds to start up
[2020.07.19-19.35.07:808][  0]LogInit: Selected Device Profile: [Windows]
[2020.07.19-19.35.09:975][  0]LogMeshReduction: Using QuadricMeshReduction for automatic static mesh reduction
[2020.07.19-19.35.09:975][  0]LogMeshReduction: Using SimplygonMeshReduction for automatic skeletal mesh reduction
[2020.07.19-19.35.09:975][  0]LogMeshReduction: Using ProxyLODMeshReduction for automatic mesh merging
[2020.07.19-19.35.09:975][  0]LogMeshReduction: No distributed automatic mesh merging module available
[2020.07.19-19.35.09:976][  0]LogMeshMerging: No distributed automatic mesh merging module available
[2020.07.19-19.35.10:700][  0]LogNetVersion: TheUnknown 1.0.0, NetCL: 13144385, EngineNetVer: 14, GameNetVer: 0 (Checksum: 3725581713)
[2020.07.19-19.35.19:455][  0]LogAISub: UAISubsystem::UAISubsystem AISubsystem (00000258746423C0), frame # 0
[2020.07.19-19.35.19:455][  0]LogAISub: UAISubsystem::UAISubsystem AIPerceptionSystem (00000258745AF9C0), frame # 0
[2020.07.19-19.35.19:504][  0]LogAISub: UAISubsystem::UAISubsystem EnvQueryManager (00000258745E6E00), frame # 0
[2020.07.19-19.35.20:039][  0]LogPackageLocalizationCache: Processed 19 localized package path(s) for 1 prioritized culture(s) in 0.108235 seconds
[2020.07.19-19.35.20:056][  0]LogUObjectArray: 15917 objects as part of root set at end of initial load.
[2020.07.19-19.35.20:056][  0]LogUObjectAllocator: 3965568 out of 0 bytes used by permanent object pool.
[2020.07.19-19.35.20:056][  0]LogUObjectArray: CloseDisregardForGC: 0/0 objects in disregard for GC pool
[2020.07.19-19.35.25:801][  0]LogTcpMessaging: Initializing TcpMessaging bridge
[2020.07.19-19.35.25:886][  0]LogUdpMessaging: Initializing bridge on interface 0.0.0.0:0 to multicast group 230.0.0.1:6666.
[2020.07.19-19.35.27:079][  0]SourceControl: Source control is disabled
[2020.07.19-19.35.27:079][  0]SourceControl: Source control is disabled
[2020.07.19-19.35.27:144][  0]SourceControl: Source control is disabled
[2020.07.19-19.35.27:199][  0]SourceControl: Source control is disabled
[2020.07.19-19.35.27:277][  0]SourceControl: Source control is disabled
[2020.07.19-19.35.30:441][  0]LogAndroidPermission: UAndroidPermissionCallbackProxy::GetInstance
[2020.07.19-19.35.30:647][  0]LogAudioCaptureCore: Display: No Audio Capture implementations found. Audio input will be silent.
[2020.07.19-19.35.30:647][  0]LogAudioCaptureCore: Display: No Audio Capture implementations found. Audio input will be silent.
[2020.07.19-19.35.31:142][  0]LogOcInput: OculusInput pre-init called
[2020.07.19-19.35.31:236][  0]LogWindows: Failed to load 'OVRPlugin.dll' (GetLastError=126)
[2020.07.19-19.35.31:236][  0]LogWindows: File 'OVRPlugin.dll' does not exist
[2020.07.19-19.35.32:845][  0]LogEngine: Initializing Engine...
[2020.07.19-19.35.32:897][  0]LogHMD: Failed to initialize OpenVR with code 102
[2020.07.19-19.35.32:897][  0]LogMagicLeap: Warning: VR disabled because ZI is not enabled.  To enable, in the editor, Edit -> Project Settings -> Plugins -> Magic Leap Plugin -> Enable Zero Iteration
[2020.07.19-19.35.32:957][  0]LogStats: UGameplayTagsManager::InitializeManager -  0.005 s
[2020.07.19-19.35.34:231][  0]LogInit: Initializing FReadOnlyCVARCache
[2020.07.19-19.35.35:065][  0]LogAIModule: Creating AISystem for world Untitled
[2020.07.19-19.35.35:065][  0]LogAISub: UAISubsystem::UAISubsystem EnvQueryManager (000002587650C800), frame # 0
[2020.07.19-19.35.35:086][  0]LogAISub: UAISubsystem::UAISubsystem AIPerceptionSystem (00000258764CFB00), frame # 0
[2020.07.19-19.35.35:431][  0]LogAudioMixer: Display: Audio Mixer Platform Settings:
[2020.07.19-19.35.35:431][  0]LogAudioMixer: Display: 	Sample Rate:						  48000
[2020.07.19-19.35.35:431][  0]LogAudioMixer: Display: 	Callback Buffer Frame Size Requested: 1024
[2020.07.19-19.35.35:431][  0]LogAudioMixer: Display: 	Callback Buffer Frame Size To Use:	  1024
[2020.07.19-19.35.35:431][  0]LogAudioMixer: Display: 	Number of buffers to queue:			  2
[2020.07.19-19.35.35:431][  0]LogAudioMixer: Display: 	Max Channels (voices):				  32
[2020.07.19-19.35.35:431][  0]LogAudioMixer: Display: 	Number of Async Source Workers:		  0
[2020.07.19-19.35.35:436][  0]LogAudio: Display: AudioDevice MaxSources: 32
[2020.07.19-19.35.35:446][  0]LogAudio: Display: Using built-in audio occlusion.
[2020.07.19-19.35.35:446][  0]LogAudioMixer: Display: Initializing audio mixer.
[2020.07.19-19.35.35:566][  0]LogAudioMixer: Display: 0: FrontLeft
[2020.07.19-19.35.35:566][  0]LogAudioMixer: Display: 1: FrontRight
[2020.07.19-19.35.35:659][  0]LogAudioMixer: Display: Using Audio Device Lautsprecher (2- High Definition Audio Device)
[2020.07.19-19.35.35:682][  0]LogAudioMixer: Display: Initializing Sound Submixes...
[2020.07.19-19.35.35:717][  0]LogAudioMixer: Display: Creating Master Submix 'MasterSubmixDefault'
[2020.07.19-19.35.35:717][  0]LogAudioMixer: Display: Creating Master Submix 'MasterReverbSubmixDefault'
[2020.07.19-19.35.35:739][  0]LogAudioMixer: Display: Creating Master Submix 'MasterEQSubmixDefault'
[2020.07.19-19.35.35:740][  0]LogInit: FAudioDevice initialized.
[2020.07.19-19.35.35:763][  0]LogNetVersion: Set ProjectVersion to 1.0.0.0. Version Checksum will be recalculated on next use.
[2020.07.19-19.35.35:849][  0]LogDerivedDataCache: Saved boot cache 0.09s 76MB C:/Users/ninte/AppData/Local/UnrealEngine/4.25/DerivedDataCache/Boot.ddc.
[2020.07.19-19.35.36:761][  0]LogInit: Texture streaming: Enabled
[2020.07.19-19.35.37:009][  0]LogEngineSessionManager: EngineSessionManager initialized
[2020.07.19-19.35.37:009][  0]LogEditorSessionSummary: Verbose: Initializing EditorSessionSummaryWriter for editor session tracking
[2020.07.19-19.35.37:042][  0]LogEditorSessionSummary: EditorSessionSummaryWriter initialized
[2020.07.19-19.35.37:396][  0]LogInit: Transaction tracking system initialized
[2020.07.19-19.35.37:828][  0]BlueprintLog: New page: Editor Load
[2020.07.19-19.35.39:305][  0]LocalizationService: Localization service is disabled
[2020.07.19-19.35.41:915][  0]LogCook: Display: Max memory allowance for cook 16384mb min free memory 0mb
[2020.07.19-19.35.41:915][  0]LogCook: Display: Mobile HDR setting 1
[2020.07.19-19.35.41:915][  0]LogCook: Warning: Cooking with Event Driven Loader disabled. Loading code will use deprecated path which will be removed in future release.
[2020.07.19-19.35.42:294][  0]LogFileCache: Scanning file cache for directory 'C:/Users/ninte/OneDrive/Desktop/The_Unknown_/TheUnknown/Content/' took 0.06s
[2020.07.19-19.35.44:973][  0]SourceControl: Source control is disabled
[2020.07.19-19.35.44:984][  0]LogUnrealEdMisc: Loading editor; pre map load, took 75.418
[2020.07.19-19.35.45:068][  0]Cmd: MAP LOAD FILE="C:/Users/ninte/OneDrive/Desktop/The_Unknown_/TheUnknown/Content/Assets/Maps/Cave_Flashlight_test.umap" TEMPLATE=0 SHOWPROGRESS=1 FEATURELEVEL=3
[2020.07.19-19.35.45:080][  0]LightingResults: New page: Lighting Build
[2020.07.19-19.35.45:381][  0]LogWorld: UWorld::CleanupWorld for Untitled, bSessionEnded=true, bCleanupResources=true
[2020.07.19-19.35.45:454][  0]LogSlate: InvalidateAllWidgets triggered.  All widgets were invalidated
[2020.07.19-19.35.45:517][  0]MapCheck: New page: Map Check
[2020.07.19-19.35.45:517][  0]LightingResults: New page: Lighting Build
[2020.07.19-19.35.46:339][  0]LogAISub: UAISubsystem::~UAISubsystem EnvQueryManager (000002587650C800), frame # 0
[2020.07.19-19.35.46:339][  0]LogAISub: UAISubsystem::~UAISubsystem AIPerceptionSystem (00000258764CFB00), frame # 0
[2020.07.19-19.35.46:360][  0]LogUObjectHash: Compacting FUObjectHashTables data took   0.82ms
[2020.07.19-19.35.55:117][  0]LogAIModule: Creating AISystem for world Cave_Flashlight_test
[2020.07.19-19.35.55:120][  0]LogAISub: UAISubsystem::UAISubsystem EnvQueryManager (0000025818B13A00), frame # 0
[2020.07.19-19.35.55:120][  0]LogAISub: UAISubsystem::UAISubsystem AIPerceptionSystem (0000025818881800), frame # 0
[2020.07.19-19.36.18:983][  0]LogStreaming: Display: ULevelStreaming::RequestLevel(/Game/StoryAdvTemplate/Maps/MenuScene) is flushing async loading
[2020.07.19-19.36.18:983][  0]LogStreaming: Display: Flushing async loaders.
[2020.07.19-19.36.19:407][  0]LogStreaming: Display: ULevelStreaming::RequestLevel(/Game/StoryAdvTemplate/Maps/Sublevels/Example_Sublevel_A) is flushing async loading
[2020.07.19-19.36.19:426][  0]LogStreaming: Display: ULevelStreaming::RequestLevel(/Game/StoryAdvTemplate/Maps/Sublevels/Example_Sublevel_B) is flushing async loading
[2020.07.19-19.36.19:447][  0]LogStreaming: Display: ULevelStreaming::RequestLevel(/Game/StoryAdvTemplate/Maps/Sublevels/Example_Sublevel_C) is flushing async loading
[2020.07.19-19.36.19:642][  0]LogEditorServer: Finished looking for orphan Actors (0.000 secs)
[2020.07.19-19.36.20:089][  0]LogUObjectHash: Compacting FUObjectHashTables data took   2.31ms
[2020.07.19-19.36.20:092][  0]Cmd: MAP CHECKDEP NOCLEARLOG
[2020.07.19-19.36.20:142][  0]MapCheck: Map check complete: 0 Error(s), 0 Warning(s), took 26.189ms to complete.
[2020.07.19-19.36.20:153][  0]LogFileHelpers: Loading map 'Cave_Flashlight_test' took 35.127
[2020.07.19-19.36.21:727][  0]LogUnrealEdMisc: Total Editor Startup Time, took 112.160
[2020.07.19-19.36.22:751][  0]LogSlate: Updating window title bar state: overlay mode, drag disabled, window buttons hidden, title bar hidden
[2020.07.19-19.36.22:761][  0]LogSlate: Updating window title bar state: overlay mode, drag disabled, window buttons hidden, title bar hidden
[2020.07.19-19.36.22:769][  0]LogSlate: Updating window title bar state: overlay mode, drag disabled, window buttons hidden, title bar hidden
[2020.07.19-19.36.22:778][  0]LogSlate: Updating window title bar state: overlay mode, drag disabled, window buttons hidden, title bar hidden
[2020.07.19-19.36.22:858][  0]LogCollectionManager: Loaded 0 collections in 0.001102 seconds
[2020.07.19-19.36.23:017][  0]LogFileCache: Scanning file cache for directory 'C:/Users/ninte/OneDrive/Desktop/The_Unknown_/TheUnknown/Saved/Collections/' took 0.00s
[2020.07.19-19.36.23:017][  0]LogFileCache: Scanning file cache for directory 'C:/Users/ninte/OneDrive/Desktop/The_Unknown_/TheUnknown/Content/Developers/ninte/Collections/' took 0.00s
[2020.07.19-19.36.23:017][  0]LogFileCache: Scanning file cache for directory 'C:/Users/ninte/OneDrive/Desktop/The_Unknown_/TheUnknown/Content/Collections/' took 0.00s
[2020.07.19-19.36.23:017][  0]LogContentBrowser: Native class hierarchy populated in 0.0104 seconds. Added 3427 classes and 821 folders.
[2020.07.19-19.36.23:210][  0]LogContentBrowser: Native class hierarchy updated for 'WidgetCarousel' in 0.0003 seconds. Added 0 classes and 0 folders.
[2020.07.19-19.36.24:235][  0]LogContentBrowser: Native class hierarchy updated for 'AddContentDialog' in 0.0003 seconds. Added 0 classes and 0 folders.
[2020.07.19-19.36.24:279][  0]LogContentBrowser: Native class hierarchy updated for 'SceneOutliner' in 0.0004 seconds. Added 2 classes and 0 folders.
[2020.07.19-19.36.24:890][  0]LogSlate: Took 0.014263 seconds to synchronously load lazily loaded font '../../../Engine/Content/Slate/Fonts/Roboto-Regular.ttf' (155K)
[2020.07.19-19.36.24:909][  0]LogSlate: Took 0.013474 seconds to synchronously load lazily loaded font '../../../Engine/Content/Slate/Fonts/Roboto-Bold.ttf' (160K)
[2020.07.19-19.36.24:970][  0]LogSlate: Took 0.015996 seconds to synchronously load lazily loaded font '../../../Engine/Content/Editor/Slate/Fonts/FontAwesome.ttf' (139K)
[2020.07.19-19.36.26:115][  0]LogRenderer: Reallocating scene render targets to support 1212x552 Format 9 NumSamples 1 (Frame:1).
[2020.07.19-19.36.27:047][  0]LogContentBrowser: Native class hierarchy updated for 'HierarchicalLODOutliner' in 0.0003 seconds. Added 0 classes and 0 folders.
[2020.07.19-19.36.27:047][  0]LogLoad: (Engine Initialization) Total time: 117.48 seconds
[2020.07.19-19.36.27:047][  0]LogLoad: (Engine Initialization) Total Blueprint compile time: 0.00 seconds
[2020.07.19-19.36.28:106][  0]LogContentStreaming: Texture pool size now 800 MB
[2020.07.19-19.36.28:390][  0]LogSlate: Took 0.018389 seconds to synchronously load lazily loaded font '../../../Engine/Content/Slate/Fonts/Roboto-Light.ttf' (167K)
[2020.07.19-19.36.28:912][  1]LogSlate: WidgetSwitcher ('None') active index changed to 1
[2020.07.19-19.36.30:018][  2]LogAssetRegistry: Asset discovery search completed in 85.9771 seconds
[2020.07.19-19.36.30:037][  2]LogCollectionManager: Fixed up redirectors for 0 collections in 0.000154 seconds (updated 0 objects)
[2020.07.19-19.36.38:264][849]LogUObjectHash: Compacting FUObjectHashTables data took   1.11ms
[2020.07.19-19.38.09:824][839]LogAudioMixer: Warning: Changing default audio render device to new device: {0.0.0.00000000}.{0df68d49-f39c-42b1-88af-4c76538bf999}.
[2020.07.19-19.38.10:161][839]LogTemp: Resetting audio stream to device id 
[2020.07.19-19.38.10:263][839]LogAudioMixer: Display: 0: FrontLeft
[2020.07.19-19.38.10:263][839]LogAudioMixer: Display: 1: FrontRight
[2020.07.19-19.38.26:623][987]LogPlayLevel: PlayLevel: No blueprints needed recompiling
[2020.07.19-19.38.26:739][987]PIE: New page: PIE session: Cave_Flashlight_test (Jul 19, 2020, 11:38:26 PM)
[2020.07.19-19.38.26:840][987]LogOnline: OSS: Creating online subsystem instance for: NULL
[2020.07.19-19.38.26:848][987]LogOnline: OSS: TryLoadSubsystemAndSetDefault: Loaded subsystem for module [NULL]
[2020.07.19-19.38.26:848][987]LogPlayLevel: Creating play world package: /Game/Assets/Maps/UEDPIE_0_Cave_Flashlight_test
[2020.07.19-19.38.27:602][987]LogPlayLevel: PIE: StaticDuplicateObject took: (0.753570s)
[2020.07.19-19.38.27:616][987]LogAIModule: Creating AISystem for world Cave_Flashlight_test
[2020.07.19-19.38.27:616][987]LogAISub: UAISubsystem::UAISubsystem EnvQueryManager (00000258BA308600), frame # 1987
[2020.07.19-19.38.27:616][987]LogAISub: UAISubsystem::UAISubsystem AIPerceptionSystem (000002582F9A6AC0), frame # 1987
[2020.07.19-19.38.27:616][987]LogPlayLevel: PIE: World Init took: (0.014553s)
[2020.07.19-19.38.27:629][987]LogPlayLevel: PIE: Created PIE world by copying editor world from /Game/Assets/Maps/Cave_Flashlight_test.Cave_Flashlight_test to /Game/Assets/Maps/UEDPIE_0_Cave_Flashlight_test.Cave_Flashlight_test (0.781596s)
[2020.07.19-19.38.27:646][987]LogUObjectHash: Compacting FUObjectHashTables data took   1.31ms
[2020.07.19-19.38.27:675][987]LogAudioMixer: Display: Audio Mixer Platform Settings:
[2020.07.19-19.38.27:675][987]LogAudioMixer: Display: 	Sample Rate:						  48000
[2020.07.19-19.38.27:675][987]LogAudioMixer: Display: 	Callback Buffer Frame Size Requested: 1024
[2020.07.19-19.38.27:675][987]LogAudioMixer: Display: 	Callback Buffer Frame Size To Use:	  1024
[2020.07.19-19.38.27:675][987]LogAudioMixer: Display: 	Number of buffers to queue:			  2
[2020.07.19-19.38.27:675][987]LogAudioMixer: Display: 	Max Channels (voices):				  32
[2020.07.19-19.38.27:675][987]LogAudioMixer: Display: 	Number of Async Source Workers:		  0
[2020.07.19-19.38.27:675][987]LogAudio: Display: AudioDevice MaxSources: 32
[2020.07.19-19.38.27:675][987]LogAudio: Display: Using built-in audio occlusion.
[2020.07.19-19.38.27:675][987]LogAudioMixer: Display: Initializing audio mixer.
[2020.07.19-19.38.27:681][987]LogAudioMixer: Display: 0: FrontLeft
[2020.07.19-19.38.27:681][987]LogAudioMixer: Display: 1: FrontRight
[2020.07.19-19.38.27:706][987]LogAudioMixer: Display: Using Audio Device Lautsprecher (Razer Kraken Kitty Edition)
[2020.07.19-19.38.27:706][987]LogAudioMixer: Display: Initializing Sound Submixes...
[2020.07.19-19.38.27:706][987]LogAudioMixer: Display: Creating Master Submix 'MasterSubmixDefault'
[2020.07.19-19.38.27:706][987]LogAudioMixer: Display: Creating Master Submix 'MasterReverbSubmixDefault'
[2020.07.19-19.38.27:707][987]LogAudioMixer: Display: Creating Master Submix 'MasterEQSubmixDefault'
[2020.07.19-19.38.27:720][987]LogInit: FAudioDevice initialized.
[2020.07.19-19.38.27:806][987]LogLoad: Game class is 'BP_StoryAdventureGameMode_C'
[2020.07.19-19.38.27:994][987]LogWorld: Bringing World /Game/Assets/Maps/UEDPIE_0_Cave_Flashlight_test.Cave_Flashlight_test up for play (max tick rate 0) at 2020.07.19-21.38.27
[2020.07.19-19.38.28:019][987]LogWorld: Bringing up level for play took: 0.107230
[2020.07.19-19.38.28:020][987]LogOnline: OSS: Creating online subsystem instance for: :Context_2
[2020.07.19-19.38.28:136][987]LogContentBrowser: Native class hierarchy updated for 'MovieSceneCapture' in 0.0004 seconds. Added 20 classes and 0 folders.
[2020.07.19-19.38.28:497][987]PIE: Server logged in
[2020.07.19-19.38.28:511][987]PIE: Play in editor total start time 1.999 seconds.
[2020.07.19-19.38.28:567][987]LogSlate: WidgetSwitcher ('None') active index changed to 1
[2020.07.19-19.38.28:843][988]LogAudioMixer: Display: Audio Buffer Underrun detected.
[2020.07.19-19.38.29:426][ 49]LogD3D11RHI: Display: Temp texture streaming buffer not large enough, needed 8388608 bytes
[2020.07.19-19.38.32:768][436]LogSlate: Updating window title bar state: overlay mode, drag disabled, window buttons hidden, title bar hidden
[2020.07.19-19.38.32:768][436]LogWorld: BeginTearingDown for /Game/Assets/Maps/UEDPIE_0_Cave_Flashlight_test
[2020.07.19-19.38.32:775][436]LogWorld: UWorld::CleanupWorld for Cave_Flashlight_test, bSessionEnded=true, bCleanupResources=true
[2020.07.19-19.38.32:814][436]LogSlate: InvalidateAllWidgets triggered.  All widgets were invalidated
[2020.07.19-19.38.32:901][436]LogPlayLevel: Display: Shutting down PIE online subsystems
[2020.07.19-19.38.32:929][436]LogSlate: InvalidateAllWidgets triggered.  All widgets were invalidated
[2020.07.19-19.38.32:995][436]LogSlate: Updating window title bar state: overlay mode, drag disabled, window buttons hidden, title bar hidden
[2020.07.19-19.38.33:134][436]LogAISub: UAISubsystem::~UAISubsystem AIPerceptionSystem (000002582F9A6AC0), frame # 2436
[2020.07.19-19.38.33:134][436]LogAISub: UAISubsystem::~UAISubsystem EnvQueryManager (00000258BA308600), frame # 2436
[2020.07.19-19.38.33:190][436]LogUObjectHash: Compacting FUObjectHashTables data took   1.44ms
[2020.07.19-19.38.33:524][437]LogPlayLevel: Display: Destroying online subsystem :Context_2
[2020.07.19-19.43.54:361][425]LogUObjectHash: Compacting FUObjectHashTables data took   1.53ms
[2020.07.19-19.43.56:535][675]LogUObjectHash: Compacting FUObjectHashTables data took   0.45ms
[2020.07.19-19.43.57:656][675]LogSlate: Window 'TheUnknown - Unreal Editor' being destroyed
[2020.07.19-19.43.59:104][676]Cmd: QUIT_EDITOR
[2020.07.19-19.43.59:104][676]LogCore: Engine exit requested (reason: UUnrealEdEngine::CloseEditor())
[2020.07.19-19.43.59:151][676]LogCore: Engine exit requested (reason: EngineExit() was called; note: exit was already requested)
[2020.07.19-19.44.00:328][676]LogWindowsTextInputMethodSystem: Display: IME system now deactivated.
[2020.07.19-19.44.00:354][676]LogExit: Preparing to exit.
[2020.07.19-19.44.01:830][676]LogWorld: UWorld::CleanupWorld for World_0, bSessionEnded=true, bCleanupResources=true
[2020.07.19-19.44.02:003][676]LogDemo: Cleaned up 0 splitscreen connections with owner deletion
[2020.07.19-19.44.02:157][676]LogWorld: UWorld::CleanupWorld for None, bSessionEnded=true, bCleanupResources=true
[2020.07.19-19.44.02:170][676]LogWorld: UWorld::CleanupWorld for None, bSessionEnded=true, bCleanupResources=true
[2020.07.19-19.44.02:170][676]LogWorld: UWorld::CleanupWorld for None, bSessionEnded=true, bCleanupResources=true
[2020.07.19-19.44.02:170][676]LogWorld: UWorld::CleanupWorld for None, bSessionEnded=true, bCleanupResources=true
[2020.07.19-19.44.02:170][676]LogWorld: UWorld::CleanupWorld for None, bSessionEnded=true, bCleanupResources=true
[2020.07.19-19.44.02:170][676]LogExit: Editor shut down
[2020.07.19-19.44.02:170][676]LogExit: Transaction tracking system shut down
[2020.07.19-19.44.05:801][676]LogAISub: UAISubsystem::~UAISubsystem AISubsystem (00000258746423C0), frame # 5676
[2020.07.19-19.44.05:801][676]LogAISub: UAISubsystem::~UAISubsystem AIPerceptionSystem (00000258745AF9C0), frame # 5676
[2020.07.19-19.44.05:810][676]LogAISub: UAISubsystem::~UAISubsystem EnvQueryManager (00000258745E6E00), frame # 5676
[2020.07.19-19.44.06:868][676]LogAISub: UAISubsystem::~UAISubsystem EnvQueryManager (0000025818B13A00), frame # 5676
[2020.07.19-19.44.06:868][676]LogAISub: UAISubsystem::~UAISubsystem AIPerceptionSystem (0000025818881800), frame # 5676
[2020.07.19-19.44.06:970][676]LogExit: Object subsystem successfully closed.
[2020.07.19-19.44.07:157][676]LogShaderCompilers: Display: Shaders left to compile 0
[2020.07.19-19.44.08:601][676]LogModuleManager: Shutting down and abandoning module MovieSceneCapture (794)
[2020.07.19-19.44.08:601][676]LogModuleManager: Shutting down and abandoning module Voice (792)
[2020.07.19-19.44.08:613][676]LogModuleManager: Shutting down and abandoning module HierarchicalLODOutliner (790)
[2020.07.19-19.44.08:613][676]LogModuleManager: Shutting down and abandoning module SceneOutliner (788)
[2020.07.19-19.44.08:613][676]LogModuleManager: Shutting down and abandoning module AddContentDialog (786)
[2020.07.19-19.44.08:644][676]LogModuleManager: Shutting down and abandoning module WidgetCarousel (785)
[2020.07.19-19.44.08:644][676]LogModuleManager: Shutting down and abandoning module EditorWidgets (782)
[2020.07.19-19.44.08:644][676]LogModuleManager: Shutting down and abandoning module CollectionManager (780)
[2020.07.19-19.44.08:666][676]LogModuleManager: Shutting down and abandoning module StatsViewer (778)
[2020.07.19-19.44.08:666][676]LogModuleManager: Shutting down and abandoning module VirtualTexturingEditor (776)
[2020.07.19-19.44.08:666][676]LogModuleManager: Shutting down and abandoning module FoliageEdit (774)
